[2020-06-27T22:54:32.306856+00:00] logs.WARNING: Evento 4 não encontrado! [] []
[2020-06-27T22:55:56.235857+00:00] logs.WARNING: Evento 5 não encontrado - Não foi possível atualizar! [] []
[2020-06-27T23:19:43.229473+00:00] logs.INFO: Evento 1 atualizado! [{"App\\Models\\Entity\\Evento":{"id":1,"titulo":"Teste Evento PUT 2","descricao":"Descricao do Evento 2","data_hora":{"date":"2020-06-27 20:50:00.000000","timezone_type":3,"timezone":"UTC"},"local":"Local do Evento 2","imagem":"nenhuma 2","url_amiga":"teste-evento-put","id_usuario":"1","ativo":"1"}}] []
[2020-06-28T00:30:10.789775+00:00] logs.WARNING: Evento 6 não encontrado! [] []
[2020-06-28T00:36:04.136509+00:00] logs.WARNING: Evento 6 não encontrado! [] []
[2020-06-28T00:36:06.597580+00:00] logs.WARNING: Evento 6i não encontrado! [] []
[2020-06-29T17:53:46.472725+00:00] logs.WARNING: Evento 4 não encontrado! [] []
[2020-06-29T18:01:49.615985+00:00] logs.INFO: Evento 2 atualizado! [{"App\\Models\\Entity\\Evento":{"id":2,"titulo":"alalalal","descricao":"Descricao do Eventolololo","data_hora":{"date":"2020-06-29 14:50:00.000000","timezone_type":3,"timezone":"UTC"},"local":"Locaaaal do Evento","imagem":"nenhumaaa","url_amiga":"teste-evento-put2","id_usuario":1,"ativo":true}}] []
[2020-06-29T18:02:51.091026+00:00] logs.INFO: Evento cadastrado! [{"App\\Models\\Entity\\Evento":{"id":3,"titulo":"uhuuuu","descricao":"teste3","data_hora":{"date":"2020-06-29 15:10:00.000000","timezone_type":3,"timezone":"UTC"},"local":"Locaaaal Uhuul","imagem":"nenhuma","url_amiga":"teste-uhuuul","id_usuario":1,"ativo":true}}] []
[2020-06-29T19:04:18.385848+00:00] logs.WARNING: Evento 4 nao encontrado! [] []
[2020-06-30T17:54:55.796387+00:00] logs.INFO: Evento cadastrado! [{"App\\Models\\Entity\\Evento":{"id":4,"titulo":"Teste AXIOS","descricao":"POST com Axios","data_hora":{"date":"2020-06-30 14:50:00.000000","timezone_type":3,"timezone":"UTC"},"local":"Porto Alegre","imagem":"nenhuma","url_amiga":"teste-axios","id_usuario":1,"ativo":true}}] []
[2020-06-30T17:58:03.771698+00:00] logs.INFO: Evento 4 atualizado! [{"App\\Models\\Entity\\Evento":{"id":4,"titulo":"Teste AXIOS2","descricao":"POST com Axios2","data_hora":{"date":"2020-06-30 14:50:00.000000","timezone_type":3,"timezone":"UTC"},"local":"Porto Alegre2","imagem":"nenhuma2","url_amiga":"teste-axios2","id_usuario":1,"ativo":true}}] []
[2020-07-04T02:09:37.494530+00:00] logs.WARNING: Evento 1 nao encontrado! [] []
[2020-07-08T18:45:53.776357+00:00] logs.INFO: Usuario criado! [{"App\\Models\\Entity\\Usuario":{"id":3,"fb_ID":"3023997521046964","nome":"Nome Teste","email":"eduardo_vk@hotmail.com","cpf":null,"senha":null,"admin":0}}] []
[2020-07-08T18:45:53.823516+00:00] logs.INFO: Inscricao criada! [{"App\\Models\\Entity\\Inscricao":{"id":1,"id_usuario":3,"id_ingresso":1,"nome":"Nome Teste","pago":0}}] []
[2020-07-08T18:46:12.467534+00:00] logs.INFO: Usuario criado! [{"App\\Models\\Entity\\Usuario":{"id":4,"fb_ID":"3023997521046964","nome":"Nome Teste","email":"eduardo_vk@hotmail.com","cpf":null,"senha":null,"admin":0}}] []
[2020-07-08T18:46:12.473479+00:00] logs.INFO: Inscricao criada! [{"App\\Models\\Entity\\Inscricao":{"id":2,"id_usuario":4,"id_ingresso":2,"nome":"Nome Teste","pago":0}}] []
[2020-07-08T18:48:03.951860+00:00] logs.INFO: Usuario criado! [{"App\\Models\\Entity\\Usuario":{"id":5,"fb_ID":"3023997521046964","nome":"Nome Teste","email":"eduardo_vk@hotmail.com","cpf":null,"senha":null,"admin":0}}] []
[2020-07-08T18:48:03.957023+00:00] logs.INFO: Inscricao criada! [{"App\\Models\\Entity\\Inscricao":{"id":3,"id_usuario":5,"id_ingresso":2,"nome":"Nome Teste","pago":0}}] []
[2020-07-08T18:49:00.889576+00:00] logs.INFO: Usuario criado! [{"App\\Models\\Entity\\Usuario":{"id":6,"fb_ID":"3023997521046964","nome":"Nome Teste","email":"eduardo_vk@hotmail.com","cpf":null,"senha":null,"admin":0}}] []
[2020-07-08T18:49:00.895100+00:00] logs.INFO: Inscricao criada! [{"App\\Models\\Entity\\Inscricao":{"id":4,"id_usuario":6,"id_ingresso":2,"nome":"Nome Teste","pago":0}}] []
[2020-07-08T18:50:10.475320+00:00] logs.INFO: Usuario criado! [{"App\\Models\\Entity\\Usuario":{"id":7,"fb_ID":"3023997521046964","nome":"Nome Teste","email":"eduardo_vk@hotmail.com","cpf":null,"senha":null,"admin":0}}] []
[2020-07-08T18:50:10.480176+00:00] logs.INFO: Inscricao criada! [{"App\\Models\\Entity\\Inscricao":{"id":5,"id_usuario":7,"id_ingresso":2,"nome":"Nome Teste","pago":0}}] []
[2020-07-08T18:52:08.558022+00:00] logs.INFO: Usuario criado! [{"App\\Models\\Entity\\Usuario":{"id":8,"fb_ID":"3023997521046964","nome":"Nome Teste","email":"eduardo_vk@hotmail.com","cpf":null,"senha":null,"admin":0}}] []
[2020-07-08T18:52:08.563903+00:00] logs.INFO: Inscricao criada! [{"App\\Models\\Entity\\Inscricao":{"id":6,"id_usuario":8,"id_ingresso":2,"nome":"Nome Teste","pago":0}}] []
[2020-07-08T18:54:11.331261+00:00] logs.INFO: Usuario criado! [{"App\\Models\\Entity\\Usuario":{"id":9,"fb_ID":"3023997521046964","nome":"Nome Teste","email":"eduardo_vk@hotmail.com","cpf":null,"senha":null,"admin":0}}] []
[2020-07-08T18:54:11.336749+00:00] logs.INFO: Inscricao criada! [{"App\\Models\\Entity\\Inscricao":{"id":7,"id_usuario":9,"id_ingresso":3,"nome":"Nome Teste","pago":0}}] []
[2020-07-08T18:54:33.158892+00:00] logs.INFO: Inscricao criada! [{"App\\Models\\Entity\\Inscricao":{"id":8,"id_usuario":9,"id_ingresso":1,"nome":"Nome Teste","pago":0}}] []
[2020-07-08T18:54:58.775740+00:00] logs.INFO: Inscricao criada! [{"App\\Models\\Entity\\Inscricao":{"id":9,"id_usuario":9,"id_ingresso":1,"nome":"Nome Teste","pago":0}}] []
[2020-07-08T19:06:26.826929+00:00] logs.INFO: Inscricao criada! [{"App\\Models\\Entity\\Inscricao":{"id":10,"id_usuario":9,"id_ingresso":2,"nome":"Josivaldo da Silva","pago":0}}] []
[2020-07-08T19:18:40.789936+00:00] logs.INFO: Inscricao criada! [{"App\\Models\\Entity\\Inscricao":{"id":11,"id_usuario":9,"id_ingresso":2,"nome":"asdasdasd","pago":0}}] []
[2020-07-08T19:21:29.784949+00:00] logs.INFO: Inscricao criada! [{"App\\Models\\Entity\\Inscricao":{"id":12,"id_usuario":9,"id_ingresso":1,"nome":"Josivaldo da Silva","pago":0}}] []
[2020-07-08T19:21:43.570077+00:00] logs.INFO: Inscricao criada! [{"App\\Models\\Entity\\Inscricao":{"id":13,"id_usuario":9,"id_ingresso":3,"nome":"fdghfghfg","pago":0}}] []
[2020-07-08T19:22:05.344634+00:00] logs.INFO: Inscricao criada! [{"App\\Models\\Entity\\Inscricao":{"id":14,"id_usuario":9,"id_ingresso":3,"nome":"aaaaaaaa","pago":0}}] []
[2020-07-08T19:22:25.400530+00:00] logs.INFO: Inscricao criada! [{"App\\Models\\Entity\\Inscricao":{"id":15,"id_usuario":9,"id_ingresso":3,"nome":"fdgdfgdfg","pago":0}}] []
[2020-07-08T20:16:52.247811+00:00] logs.INFO: Inscricao criada! [{"App\\Models\\Entity\\Inscricao":{"id":16,"id_usuario":9,"id_ingresso":3,"nome":"aaaassssss","pago":0}}] []
[2020-07-08T22:20:44.591850+00:00] logs.INFO: Inscricao criada! [{"App\\Models\\Entity\\Inscricao":{"id":17,"id_usuario":9,"id_ingresso":3,"nome":"3434343434","pago":0}}] []
[2020-07-08T22:21:38.761135+00:00] logs.INFO: Inscricao criada! [{"App\\Models\\Entity\\Inscricao":{"id":18,"id_usuario":9,"id_ingresso":2,"nome":"uuuuuuuui","pago":0}}] []
[2020-07-10T23:04:41.926595+00:00] logs.INFO: Inscricao criada! [{"App\\Models\\Entity\\Inscricao":{"id":19,"id_usuario":9,"id_ingresso":2,"nome":"Siclano","pago":0}}] []
[2020-07-10T23:06:28.780751+00:00] logs.INFO: Inscricao criada! [{"App\\Models\\Entity\\Inscricao":{"id":20,"id_usuario":9,"id_ingresso":2,"nome":"Siclano","pago":0}}] []
[2020-07-10T23:09:00.454579+00:00] logs.INFO: Inscricao criada! [{"App\\Models\\Entity\\Inscricao":{"id":21,"id_usuario":9,"id_ingresso":3,"nome":"Harry Potter","pago":0}}] []
[2020-07-10T23:09:14.581447+00:00] logs.INFO: Inscricao criada! [{"App\\Models\\Entity\\Inscricao":{"id":22,"id_usuario":9,"id_ingresso":3,"nome":"Harry Potter","pago":0}}] []
[2020-07-11T00:46:58.461161+00:00] logs.INFO: Inscricao criada! [{"App\\Models\\Entity\\Inscricao":{"id":23,"id_usuario":9,"id_ingresso":2,"nome":"saaaaaaadasdaa","pago":0}}] []
[2020-07-11T01:42:21.785015+00:00] logs.INFO: Inscricao criada! [{"App\\Models\\Entity\\Inscricao":{"id":24,"id_usuario":9,"id_ingresso":1,"nome":"ukyu","pago":0}}] []
[2020-07-11T01:46:11.225304+00:00] logs.INFO: Inscricao criada! [{"App\\Models\\Entity\\Inscricao":{"id":25,"id_usuario":9,"id_ingresso":2,"nome":"uhuuullllllll","pago":0}}] []
[2020-07-11T01:46:27.797215+00:00] logs.INFO: Inscricao criada! [{"App\\Models\\Entity\\Inscricao":{"id":26,"id_usuario":9,"id_ingresso":2,"nome":"sdasda","pago":0}}] []
[2020-07-11T01:47:05.943001+00:00] logs.INFO: Inscricao criada! [{"App\\Models\\Entity\\Inscricao":{"id":27,"id_usuario":9,"id_ingresso":2,"nome":"saaaaaaadasdaa","pago":0}}] []
[2020-07-11T01:49:03.733338+00:00] logs.INFO: Inscricao criada! [{"App\\Models\\Entity\\Inscricao":{"id":28,"id_usuario":9,"id_ingresso":2,"nome":"fgh","pago":0}}] []
[2020-07-11T01:49:20.580793+00:00] logs.INFO: Inscricao criada! [{"App\\Models\\Entity\\Inscricao":{"id":29,"id_usuario":9,"id_ingresso":3,"nome":"aaasdas","pago":0}}] []
[2020-07-11T20:07:55.076424+00:00] logs.INFO: Inscricao 7 atualizada! [{"App\\Models\\Entity\\Inscricao":{"id":7,"id_usuario":"9","id_ingresso":"3","nome":"Nome Teste","pago":"0"}}] []
[2020-07-11T20:09:45.322755+00:00] logs.INFO: Inscricao 7 atualizada! [{"App\\Models\\Entity\\Inscricao":{"id":7,"id_usuario":"9","id_ingresso":"3","nome":"Nome Teste","pago":"0"}}] []
[2020-07-11T20:10:50.246052+00:00] logs.INFO: Inscricao 7 atualizada! [{"App\\Models\\Entity\\Inscricao":{"id":7,"id_usuario":"9","id_ingresso":"3","nome":"Nome Teste","pago":"0"}}] []
[2020-07-11T20:12:38.296467+00:00] logs.INFO: Inscricao 7 atualizada! [{"App\\Models\\Entity\\Inscricao":{"id":7,"id_usuario":"9","id_ingresso":"3","nome":"Nome Teste","pago":"0"}}] []
[2020-07-11T20:15:13.534357+00:00] logs.INFO: Inscricao 7 atualizada! [{"App\\Models\\Entity\\Inscricao":{"id":7,"id_usuario":"9","id_ingresso":"3","nome":"Nome Teste","pago":"0"}}] []
[2020-07-11T20:15:39.145376+00:00] logs.INFO: Inscricao 7 atualizada! [{"App\\Models\\Entity\\Inscricao":{"id":7,"id_usuario":"9","id_ingresso":"3","nome":"Nome Teste","pago":1}}] []
[2020-07-11T20:15:45.817786+00:00] logs.INFO: Inscricao 28 atualizada! [{"App\\Models\\Entity\\Inscricao":{"id":28,"id_usuario":"9","id_ingresso":"2","nome":"fgh","pago":1}}] []
[2020-07-11T20:36:07.504232+00:00] logs.INFO: Inscricao 29 deletada! [{"App\\Models\\Entity\\Inscricao":{"id":null,"id_usuario":9,"id_ingresso":3,"nome":"aaasdas","pago":false}}] []
[2020-07-11T20:36:14.379928+00:00] logs.INFO: Inscricao 27 deletada! [{"App\\Models\\Entity\\Inscricao":{"id":null,"id_usuario":9,"id_ingresso":2,"nome":"saaaaaaadasdaa","pago":false}}] []
[2020-07-11T20:36:17.023586+00:00] logs.INFO: Inscricao 24 atualizada! [{"App\\Models\\Entity\\Inscricao":{"id":24,"id_usuario":"9","id_ingresso":"1","nome":"ukyu","pago":1}}] []
[2020-07-11T20:36:19.401970+00:00] logs.INFO: Inscricao 23 deletada! [{"App\\Models\\Entity\\Inscricao":{"id":null,"id_usuario":9,"id_ingresso":2,"nome":"saaaaaaadasdaa","pago":false}}] []
[2020-07-11T20:36:21.198956+00:00] logs.INFO: Inscricao 25 deletada! [{"App\\Models\\Entity\\Inscricao":{"id":null,"id_usuario":9,"id_ingresso":2,"nome":"uhuuullllllll","pago":false}}] []
[2020-07-11T20:36:23.182864+00:00] logs.INFO: Inscricao 26 deletada! [{"App\\Models\\Entity\\Inscricao":{"id":null,"id_usuario":9,"id_ingresso":2,"nome":"sdasda","pago":false}}] []
[2020-07-11T20:37:46.832060+00:00] logs.INFO: Inscricao criada! [{"App\\Models\\Entity\\Inscricao":{"id":30,"id_usuario":9,"id_ingresso":3,"nome":"Siclano","pago":0}}] []
[2020-07-11T20:37:52.513464+00:00] logs.INFO: Inscricao 30 atualizada! [{"App\\Models\\Entity\\Inscricao":{"id":30,"id_usuario":"9","id_ingresso":"3","nome":"Siclano","pago":1}}] []
[2020-07-11T20:38:00.674223+00:00] logs.INFO: Inscricao criada! [{"App\\Models\\Entity\\Inscricao":{"id":31,"id_usuario":9,"id_ingresso":3,"nome":"Fulano teste","pago":0}}] []
[2020-07-11T20:38:05.967156+00:00] logs.INFO: Inscricao 31 deletada! [{"App\\Models\\Entity\\Inscricao":{"id":null,"id_usuario":9,"id_ingresso":3,"nome":"Fulano teste","pago":false}}] []
[2020-07-12T21:43:52.331045+00:00] logs.INFO: Inscricao criada! [{"App\\Models\\Entity\\Inscricao":{"id":32,"id_usuario":9,"id_ingresso":3,"nome":"ukyu","pago":0}}] []
[2020-07-12T23:06:14.584976+00:00] logs.INFO: Inscricao criada! [{"App\\Models\\Entity\\Inscricao":{"id":33,"id_usuario":9,"id_ingresso":3,"nome":"ukyu","pago":0}}] []
[2020-07-12T23:06:17.852855+00:00] logs.INFO: Inscricao 33 deletada! [{"App\\Models\\Entity\\Inscricao":{"id":null,"id_usuario":9,"id_ingresso":3,"nome":"ukyu","pago":false}}] []
[2020-07-12T23:09:07.997230+00:00] logs.INFO: Inscricao criada! [{"App\\Models\\Entity\\Inscricao":{"id":34,"id_usuario":9,"id_ingresso":2,"nome":"ukyu","pago":0}}] []
[2020-07-12T23:09:14.072469+00:00] logs.INFO: Inscricao 32 deletada! [{"App\\Models\\Entity\\Inscricao":{"id":null,"id_usuario":9,"id_ingresso":3,"nome":"ukyu","pago":false}}] []
[2020-07-12T23:12:32.898266+00:00] logs.INFO: Inscricao criada! [{"App\\Models\\Entity\\Inscricao":{"id":35,"id_usuario":9,"id_ingresso":2,"nome":"ukyu","pago":0}}] []
[2020-07-13T00:02:11.762465+00:00] logs.INFO: Inscricao 35 deletada! [{"App\\Models\\Entity\\Inscricao":{"id":null,"id_usuario":9,"id_ingresso":2,"nome":"ukyu","pago":false}}] []
[2020-07-13T00:02:14.423766+00:00] logs.INFO: Inscricao 34 deletada! [{"App\\Models\\Entity\\Inscricao":{"id":null,"id_usuario":9,"id_ingresso":2,"nome":"ukyu","pago":false}}] []
[2020-07-13T00:02:25.639657+00:00] logs.INFO: Inscricao criada! [{"App\\Models\\Entity\\Inscricao":{"id":36,"id_usuario":9,"id_ingresso":3,"nome":"saaaaaaadasdaa","pago":0}}] []
[2020-07-13T00:03:31.583948+00:00] logs.INFO: Inscricao criada! [{"App\\Models\\Entity\\Inscricao":{"id":37,"id_usuario":9,"id_ingresso":3,"nome":"ukyu","pago":0}}] []
[2020-07-13T00:04:51.432359+00:00] logs.INFO: Inscricao criada! [{"App\\Models\\Entity\\Inscricao":{"id":38,"id_usuario":9,"id_ingresso":3,"nome":"Eduardo Kuhn","pago":0}}] []
[2020-07-13T00:04:56.308045+00:00] logs.INFO: Inscricao 38 deletada! [{"App\\Models\\Entity\\Inscricao":{"id":null,"id_usuario":9,"id_ingresso":3,"nome":"Eduardo Kuhn","pago":false}}] []
[2020-07-13T00:04:58.974000+00:00] logs.INFO: Inscricao 36 deletada! [{"App\\Models\\Entity\\Inscricao":{"id":null,"id_usuario":9,"id_ingresso":3,"nome":"saaaaaaadasdaa","pago":false}}] []
[2020-07-13T00:05:02.100256+00:00] logs.INFO: Inscricao 37 deletada! [{"App\\Models\\Entity\\Inscricao":{"id":null,"id_usuario":9,"id_ingresso":3,"nome":"ukyu","pago":false}}] []
[2020-07-13T00:07:13.800215+00:00] logs.INFO: Inscricao criada! [{"App\\Models\\Entity\\Inscricao":{"id":39,"id_usuario":9,"id_ingresso":2,"nome":"Siclano","pago":0}}] []
[2020-07-13T00:07:17.304607+00:00] logs.INFO: Inscricao 39 deletada! [{"App\\Models\\Entity\\Inscricao":{"id":null,"id_usuario":9,"id_ingresso":2,"nome":"Siclano","pago":false}}] []
[2020-07-13T00:26:21.675822+00:00] logs.INFO: Inscricao criada! [{"App\\Models\\Entity\\Inscricao":{"id":40,"id_usuario":9,"id_ingresso":3,"nome":"saaaaaaadasdaa","pago":0}}] []
[2020-07-13T00:27:31.231186+00:00] logs.INFO: Inscricao 40 atualizada! [{"App\\Models\\Entity\\Inscricao":{"id":40,"id_usuario":"9","id_ingresso":"3","nome":"saaaaaaadasdaa","pago":1}}] []
[2020-07-13T00:27:39.539866+00:00] logs.INFO: Inscricao criada! [{"App\\Models\\Entity\\Inscricao":{"id":41,"id_usuario":9,"id_ingresso":3,"nome":"ukyu","pago":0}}] []
[2020-07-13T00:41:24.268791+00:00] logs.INFO: Inscricao 41 atualizada! [{"App\\Models\\Entity\\Inscricao":{"id":41,"id_usuario":"9","id_ingresso":"3","nome":"ukyu","pago":1}}] []
[2020-07-13T00:41:35.281123+00:00] logs.INFO: Inscricao criada! [{"App\\Models\\Entity\\Inscricao":{"id":42,"id_usuario":9,"id_ingresso":3,"nome":"okokokok","pago":0}}] []
[2020-07-13T00:55:59.018218+00:00] logs.INFO: Inscricao 42 deletada! [{"App\\Models\\Entity\\Inscricao":{"id":null,"id_usuario":9,"id_ingresso":3,"nome":"okokokok","pago":false}}] []
[2020-07-13T00:56:11.485751+00:00] logs.INFO: Inscricao criada! [{"App\\Models\\Entity\\Inscricao":{"id":43,"id_usuario":9,"id_ingresso":3,"nome":"okkkkkkkk","pago":0}}] []
[2020-07-13T00:56:38.263127+00:00] logs.INFO: Inscricao 43 deletada! [{"App\\Models\\Entity\\Inscricao":{"id":null,"id_usuario":9,"id_ingresso":3,"nome":"okkkkkkkk","pago":false}}] []
[2020-07-13T01:44:51.500329+00:00] logs.INFO: Inscricao criada! [{"App\\Models\\Entity\\Inscricao":{"id":44,"id_usuario":9,"id_ingresso":3,"nome":"ukyu","pago":0}}] []
[2020-07-13T01:44:54.713265+00:00] logs.INFO: Inscricao 44 deletada! [{"App\\Models\\Entity\\Inscricao":{"id":null,"id_usuario":9,"id_ingresso":3,"nome":"ukyu","pago":false}}] []
[2020-07-13T02:12:23.947225+00:00] logs.INFO: Usuario criado! [{"App\\Models\\Entity\\Usuario":{"id":10,"fb_ID":"3023997521046964","nome":"Eduardo Kuhn","email":"eduardo_vk@hotmail.com","cpf":null,"senha":null,"admin":0}}] []
[2020-07-13T02:12:23.953853+00:00] logs.INFO: Inscricao criada! [{"App\\Models\\Entity\\Inscricao":{"id":45,"id_usuario":10,"id_ingresso":3,"nome":"Eduardo Kuhn","pago":0}}] []
[2020-07-13T02:12:46.402540+00:00] logs.INFO: Inscricao 45 deletada! [{"App\\Models\\Entity\\Inscricao":{"id":null,"id_usuario":10,"id_ingresso":3,"nome":"Eduardo Kuhn","pago":false}}] []
[2020-07-13T02:13:05.473910+00:00] logs.INFO: Inscricao criada! [{"App\\Models\\Entity\\Inscricao":{"id":46,"id_usuario":10,"id_ingresso":1,"nome":"Eduardo Kuhn","pago":0}}] []
[2020-07-13T02:13:16.525999+00:00] logs.INFO: Inscricao 46 deletada! [{"App\\Models\\Entity\\Inscricao":{"id":null,"id_usuario":10,"id_ingresso":1,"nome":"Eduardo Kuhn","pago":false}}] []
[2020-07-13T02:17:05.509754+00:00] logs.INFO: Inscricao criada! [{"App\\Models\\Entity\\Inscricao":{"id":47,"id_usuario":10,"id_ingresso":8,"nome":"Eduardo Kuhn","pago":0}}] []
[2020-07-13T02:17:13.660027+00:00] logs.INFO: Inscricao criada! [{"App\\Models\\Entity\\Inscricao":{"id":48,"id_usuario":10,"id_ingresso":1,"nome":"Eduardo Kuhn","pago":0}}] []
[2020-07-13T02:17:19.750724+00:00] logs.INFO: Inscricao 48 atualizada! [{"App\\Models\\Entity\\Inscricao":{"id":48,"id_usuario":"10","id_ingresso":"1","nome":"Eduardo Kuhn","pago":1}}] []
[2020-07-13T02:17:25.505145+00:00] logs.INFO: Inscricao 47 deletada! [{"App\\Models\\Entity\\Inscricao":{"id":null,"id_usuario":10,"id_ingresso":8,"nome":"Eduardo Kuhn","pago":false}}] []
